build/app/intermediates/manifest_merge_blame_file/release/manifest-merger-blame-release-report.txt
1<?xml version="1.0" encoding="utf-8"?>
2<manifest xmlns:android="http://schemas.android.com/apk/res/android"
3    package="com.example.info"
4    android:versionCode="1"
5    android:versionName="1.0.0" >
6
7    <uses-sdk
8        android:minSdkVersion="21"
8-->src/main/AndroidManifest.xml
9        android:targetSdkVersion="31" />
9-->src/main/AndroidManifest.xml
10
11    <uses-permission android:name="android.permission.ACCESS_FINE_LOCATION" />
11-->src/main/AndroidManifest.xml:3:5-78
11-->src/main/AndroidManifest.xml:3:22-76
12    <uses-permission android:name="android.permission.ACCESS_NETWORK_STATE" />
12-->src/main/AndroidManifest.xml:4:5-79
12-->src/main/AndroidManifest.xml:4:22-76
13    <uses-permission android:name="android.permission.INTERNET" />
13-->src/main/AndroidManifest.xml:5:5-67
13-->src/main/AndroidManifest.xml:5:22-64
14    <uses-permission android:name="android.permission.READ_PHONE_STATE" />
14-->src/main/AndroidManifest.xml:6:5-75
14-->src/main/AndroidManifest.xml:6:22-72
15    <uses-permission android:name="android.permission.READ_EXTERNAL_STORAGE" />
15-->src/main/AndroidManifest.xml:7:5-80
15-->src/main/AndroidManifest.xml:7:22-77
16    <uses-permission android:name="android.permission.WRITE_EXTERNAL_STORAGE" />
16-->src/main/AndroidManifest.xml:8:5-81
16-->src/main/AndroidManifest.xml:8:22-78
17    <uses-permission android:name="android.permission.ACCESS_COARSE_LOCATION" />
17-->src/main/AndroidManifest.xml:9:5-81
17-->src/main/AndroidManifest.xml:9:22-78
18    <uses-permission android:name="android.permission.CAMERA" />
18-->src/main/AndroidManifest.xml:10:5-65
18-->src/main/AndroidManifest.xml:10:22-62
19
20    <uses-feature
20-->[com.google.android.gms:play-services-maps:18.1.0] AndroidManifest.xml:26:5-28:35
21        android:glEsVersion="0x00020000"
21-->[com.google.android.gms:play-services-maps:18.1.0] AndroidManifest.xml:27:9-41
22        android:required="true" />
22-->[com.google.android.gms:play-services-maps:18.1.0] AndroidManifest.xml:28:9-32
23
24    <queries>
24-->[com.google.android.gms:play-services-maps:18.1.0] AndroidManifest.xml:30:5-34:15
25
26        <!-- Needs to be explicitly declared on Android R+ -->
27        <package android:name="com.google.android.apps.maps" />
27-->[com.google.android.gms:play-services-maps:18.1.0] AndroidManifest.xml:33:9-64
27-->[com.google.android.gms:play-services-maps:18.1.0] AndroidManifest.xml:33:18-61
28    </queries>
29
30    <application
31        android:name="android.app.Application"
31-->src/main/AndroidManifest.xml:13:9-42
32        android:allowBackup="false"
32-->src/main/AndroidManifest.xml:17:8-35
33        android:appComponentFactory="androidx.core.app.CoreComponentFactory"
33-->[androidx.core:core:1.6.0] AndroidManifest.xml:24:18-86
34        android:icon="@mipmap/ic_launcher"
34-->src/main/AndroidManifest.xml:14:9-43
35        android:label="info"
35-->src/main/AndroidManifest.xml:12:9-29
36        android:requestLegacyExternalStorage="true"
36-->src/main/AndroidManifest.xml:16:8-51
37        android:usesCleartextTraffic="true" >
37-->src/main/AndroidManifest.xml:15:8-43
38        <meta-data
38-->src/main/AndroidManifest.xml:18:8-20:70
39            android:name="com.google.android.geo.API_KEY"
39-->src/main/AndroidManifest.xml:19:12-57
40            android:value="AIzaSyCLOG6cNqwSL-85l90ZTzlArpUk_hSiwm4" />
40-->src/main/AndroidManifest.xml:20:12-67
41
42        <activity
42-->src/main/AndroidManifest.xml:21:9-41:20
43            android:name="com.example.info.MainActivity"
43-->src/main/AndroidManifest.xml:22:13-41
44            android:configChanges="orientation|keyboardHidden|keyboard|screenSize|smallestScreenSize|locale|layoutDirection|fontScale|screenLayout|density|uiMode"
44-->src/main/AndroidManifest.xml:26:13-163
45            android:exported="true"
45-->src/main/AndroidManifest.xml:23:13-36
46            android:hardwareAccelerated="true"
46-->src/main/AndroidManifest.xml:27:13-47
47            android:launchMode="singleTop"
47-->src/main/AndroidManifest.xml:24:13-43
48            android:theme="@style/LaunchTheme"
48-->src/main/AndroidManifest.xml:25:13-47
49            android:windowSoftInputMode="adjustResize" >
49-->src/main/AndroidManifest.xml:28:13-55
50
51            <!--
52                 Specifies an Android theme to apply to this Activity as soon as
53                 the Android process has started. This theme is visible to the user
54                 while the Flutter UI initializes. After that, this theme continues
55                 to determine the Window background behind the Flutter UI.
56            -->
57            <meta-data
57-->src/main/AndroidManifest.xml:33:13-36:17
58                android:name="io.flutter.embedding.android.NormalTheme"
58-->src/main/AndroidManifest.xml:34:15-70
59                android:resource="@style/NormalTheme" />
59-->src/main/AndroidManifest.xml:35:15-52
60
61            <intent-filter>
61-->src/main/AndroidManifest.xml:37:13-40:29
62                <action android:name="android.intent.action.MAIN" />
62-->src/main/AndroidManifest.xml:38:17-68
62-->src/main/AndroidManifest.xml:38:25-66
63
64                <category android:name="android.intent.category.LAUNCHER" />
64-->src/main/AndroidManifest.xml:39:17-76
64-->src/main/AndroidManifest.xml:39:27-74
65            </intent-filter>
66        </activity>
67        <!--
68             Don't delete the meta-data below.
69             This is used by the Flutter tool to generate GeneratedPluginRegistrant.java
70        -->
71        <meta-data
71-->src/main/AndroidManifest.xml:44:9-46:33
72            android:name="flutterEmbedding"
72-->src/main/AndroidManifest.xml:45:13-44
73            android:value="2" />
73-->src/main/AndroidManifest.xml:46:13-30
74
75        <uses-library
75-->[androidx.window:window:1.0.0-beta04] AndroidManifest.xml:25:9-27:40
76            android:name="androidx.window.extensions"
76-->[androidx.window:window:1.0.0-beta04] AndroidManifest.xml:26:13-54
77            android:required="false" />
77-->[androidx.window:window:1.0.0-beta04] AndroidManifest.xml:27:13-37
78        <uses-library
78-->[androidx.window:window:1.0.0-beta04] AndroidManifest.xml:28:9-30:40
79            android:name="androidx.window.sidecar"
79-->[androidx.window:window:1.0.0-beta04] AndroidManifest.xml:29:13-51
80            android:required="false" /> <!-- Needs to be explicitly declared on P+ -->
80-->[androidx.window:window:1.0.0-beta04] AndroidManifest.xml:30:13-37
81        <uses-library
81-->[com.google.android.gms:play-services-maps:18.1.0] AndroidManifest.xml:39:9-41:40
82            android:name="org.apache.http.legacy"
82-->[com.google.android.gms:play-services-maps:18.1.0] AndroidManifest.xml:40:13-50
83            android:required="false" />
83-->[com.google.android.gms:play-services-maps:18.1.0] AndroidManifest.xml:41:13-37
84
85        <activity
85-->[com.google.android.gms:play-services-base:18.0.1] AndroidManifest.xml:20:9-22:45
86            android:name="com.google.android.gms.common.api.GoogleApiActivity"
86-->[com.google.android.gms:play-services-base:18.0.1] AndroidManifest.xml:20:19-85
87            android:exported="false"
87-->[com.google.android.gms:play-services-base:18.0.1] AndroidManifest.xml:22:19-43
88            android:theme="@android:style/Theme.Translucent.NoTitleBar" />
88-->[com.google.android.gms:play-services-base:18.0.1] AndroidManifest.xml:21:19-78
89
90        <meta-data
90-->[com.google.android.gms:play-services-basement:18.0.0] AndroidManifest.xml:21:9-23:69
91            android:name="com.google.android.gms.version"
91-->[com.google.android.gms:play-services-basement:18.0.0] AndroidManifest.xml:22:13-58
92            android:value="@integer/google_play_services_version" />
92-->[com.google.android.gms:play-services-basement:18.0.0] AndroidManifest.xml:23:13-66
93    </application>
94
95</manifest>